2025-06-23 20:33:38,164 [Worker-6: Loading available Gradle versions] INFO  o.e.b.c.i.u.g.PublishedGradleVersions - Gradle version information cache is not available. Remote download required.
2025-06-23 20:37:35,057 [ModalContext] INFO  o.e.m.c.i.e.AbstractTransferListenerAdapter - Downloading https://repo.maven.apache.org/maven2/org/apache/maven/archetypes/maven-archetype-quickstart/1.5/maven-archetype-quickstart-1.5.pom
2025-06-23 20:37:35,068 [ModalContext] INFO  o.e.m.c.i.e.AbstractTransferListenerAdapter - Downloaded https://repo.maven.apache.org/maven2/org/apache/maven/archetypes/maven-archetype-quickstart/1.5/maven-archetype-quickstart-1.5.pom
2025-06-23 20:37:35,119 [ModalContext] INFO  o.e.m.c.i.e.AbstractTransferListenerAdapter - Downloading https://repo.maven.apache.org/maven2/org/apache/maven/archetypes/maven-archetype-bundles/1.5/maven-archetype-bundles-1.5.pom
2025-06-23 20:37:35,124 [ModalContext] INFO  o.e.m.c.i.e.AbstractTransferListenerAdapter - Downloaded https://repo.maven.apache.org/maven2/org/apache/maven/archetypes/maven-archetype-bundles/1.5/maven-archetype-bundles-1.5.pom
2025-06-23 20:37:35,179 [ModalContext] INFO  o.e.m.c.i.e.AbstractTransferListenerAdapter - Downloading https://repo.maven.apache.org/maven2/org/apache/maven/maven-parent/43/maven-parent-43.pom
2025-06-23 20:37:35,216 [ModalContext] INFO  o.e.m.c.i.e.AbstractTransferListenerAdapter - Downloaded https://repo.maven.apache.org/maven2/org/apache/maven/maven-parent/43/maven-parent-43.pom
2025-06-23 20:37:35,257 [ModalContext] INFO  o.e.m.c.i.e.AbstractTransferListenerAdapter - Downloading https://repo.maven.apache.org/maven2/org/apache/apache/33/apache-33.pom
2025-06-23 20:37:35,263 [ModalContext] INFO  o.e.m.c.i.e.AbstractTransferListenerAdapter - Downloaded https://repo.maven.apache.org/maven2/org/apache/apache/33/apache-33.pom
2025-06-23 20:37:35,316 [ModalContext] INFO  o.e.m.c.i.e.AbstractTransferListenerAdapter - Downloading https://repo.maven.apache.org/maven2/org/junit/junit-bom/5.10.3/junit-bom-5.10.3.pom
2025-06-23 20:37:35,320 [ModalContext] INFO  o.e.m.c.i.e.AbstractTransferListenerAdapter - Downloaded https://repo.maven.apache.org/maven2/org/junit/junit-bom/5.10.3/junit-bom-5.10.3.pom
2025-06-23 20:37:35,375 [ModalContext] INFO  o.e.m.c.i.e.AbstractTransferListenerAdapter - Downloading https://repo.maven.apache.org/maven2/org/apache/maven/archetypes/maven-archetype-quickstart/1.5/maven-archetype-quickstart-1.5.jar
2025-06-23 20:37:35,377 [ModalContext] INFO  o.e.m.c.i.e.AbstractTransferListenerAdapter - Downloaded https://repo.maven.apache.org/maven2/org/apache/maven/archetypes/maven-archetype-quickstart/1.5/maven-archetype-quickstart-1.5.jar
2025-06-23 20:38:06,877 [Worker-10: Launching mavenrun-798c9319-015f-4e36-bd7d-bf33d29962df] INFO  o.eclipse.m2e.core.internal.Bundles - getClasspathEntries(Bundle=org.eclipse.m2e.maven.runtime_3.9.900.20250220-2013 [364])
2025-06-23 20:38:06,879 [Worker-10: Launching mavenrun-798c9319-015f-4e36-bd7d-bf33d29962df] INFO  o.eclipse.m2e.core.internal.Bundles - 	Entry: C:\sts-4.31.0\plugins\org.eclipse.m2e.maven.runtime_3.9.900.20250220-2013
2025-06-23 20:38:06,879 [Worker-10: Launching mavenrun-798c9319-015f-4e36-bd7d-bf33d29962df] INFO  o.eclipse.m2e.core.internal.Bundles - 	Entry: C:\sts-4.31.0\plugins\org.eclipse.m2e.maven.runtime_3.9.900.20250220-2013\jars\aopalliance-1.0.jar
2025-06-23 20:38:06,879 [Worker-10: Launching mavenrun-798c9319-015f-4e36-bd7d-bf33d29962df] INFO  o.eclipse.m2e.core.internal.Bundles - 	Entry: C:\sts-4.31.0\plugins\org.eclipse.m2e.maven.runtime_3.9.900.20250220-2013\jars\guice-5.1.0.jar
2025-06-23 20:38:06,879 [Worker-10: Launching mavenrun-798c9319-015f-4e36-bd7d-bf33d29962df] INFO  o.eclipse.m2e.core.internal.Bundles - 	Entry: C:\sts-4.31.0\plugins\org.eclipse.m2e.maven.runtime_3.9.900.20250220-2013\jars\httpclient-4.5.14.jar
2025-06-23 20:38:06,879 [Worker-10: Launching mavenrun-798c9319-015f-4e36-bd7d-bf33d29962df] INFO  o.eclipse.m2e.core.internal.Bundles - 	Entry: C:\sts-4.31.0\plugins\org.eclipse.m2e.maven.runtime_3.9.900.20250220-2013\jars\httpcore-4.4.16.jar
2025-06-23 20:38:06,880 [Worker-10: Launching mavenrun-798c9319-015f-4e36-bd7d-bf33d29962df] INFO  o.eclipse.m2e.core.internal.Bundles - 	Entry: C:\sts-4.31.0\plugins\org.eclipse.m2e.maven.runtime_3.9.900.20250220-2013\jars\jansi-2.4.1.jar
2025-06-23 20:38:06,880 [Worker-10: Launching mavenrun-798c9319-015f-4e36-bd7d-bf33d29962df] INFO  o.eclipse.m2e.core.internal.Bundles - 	Entry: C:\sts-4.31.0\plugins\org.eclipse.m2e.maven.runtime_3.9.900.20250220-2013\jars\jcl-over-slf4j-1.7.36.jar
2025-06-23 20:38:06,880 [Worker-10: Launching mavenrun-798c9319-015f-4e36-bd7d-bf33d29962df] INFO  o.eclipse.m2e.core.internal.Bundles - 	Entry: C:\sts-4.31.0\plugins\org.eclipse.m2e.maven.runtime_3.9.900.20250220-2013\jars\maven-artifact-3.9.9.jar
2025-06-23 20:38:06,880 [Worker-10: Launching mavenrun-798c9319-015f-4e36-bd7d-bf33d29962df] INFO  o.eclipse.m2e.core.internal.Bundles - 	Entry: C:\sts-4.31.0\plugins\org.eclipse.m2e.maven.runtime_3.9.900.20250220-2013\jars\maven-builder-support-3.9.9.jar
2025-06-23 20:38:06,880 [Worker-10: Launching mavenrun-798c9319-015f-4e36-bd7d-bf33d29962df] INFO  o.eclipse.m2e.core.internal.Bundles - 	Entry: C:\sts-4.31.0\plugins\org.eclipse.m2e.maven.runtime_3.9.900.20250220-2013\jars\maven-compat-3.9.9.jar
2025-06-23 20:38:06,880 [Worker-10: Launching mavenrun-798c9319-015f-4e36-bd7d-bf33d29962df] INFO  o.eclipse.m2e.core.internal.Bundles - 	Entry: C:\sts-4.31.0\plugins\org.eclipse.m2e.maven.runtime_3.9.900.20250220-2013\jars\maven-core-3.9.9.jar
2025-06-23 20:38:06,880 [Worker-10: Launching mavenrun-798c9319-015f-4e36-bd7d-bf33d29962df] INFO  o.eclipse.m2e.core.internal.Bundles - 	Entry: C:\sts-4.31.0\plugins\org.eclipse.m2e.maven.runtime_3.9.900.20250220-2013\jars\maven-embedder-3.9.9.jar
2025-06-23 20:38:06,881 [Worker-10: Launching mavenrun-798c9319-015f-4e36-bd7d-bf33d29962df] INFO  o.eclipse.m2e.core.internal.Bundles - 	Entry: C:\sts-4.31.0\plugins\org.eclipse.m2e.maven.runtime_3.9.900.20250220-2013\jars\maven-model-3.9.9.jar
2025-06-23 20:38:06,881 [Worker-10: Launching mavenrun-798c9319-015f-4e36-bd7d-bf33d29962df] INFO  o.eclipse.m2e.core.internal.Bundles - 	Entry: C:\sts-4.31.0\plugins\org.eclipse.m2e.maven.runtime_3.9.900.20250220-2013\jars\maven-model-builder-3.9.9.jar
2025-06-23 20:38:06,881 [Worker-10: Launching mavenrun-798c9319-015f-4e36-bd7d-bf33d29962df] INFO  o.eclipse.m2e.core.internal.Bundles - 	Entry: C:\sts-4.31.0\plugins\org.eclipse.m2e.maven.runtime_3.9.900.20250220-2013\jars\maven-plugin-api-3.9.9.jar
2025-06-23 20:38:06,881 [Worker-10: Launching mavenrun-798c9319-015f-4e36-bd7d-bf33d29962df] INFO  o.eclipse.m2e.core.internal.Bundles - 	Entry: C:\sts-4.31.0\plugins\org.eclipse.m2e.maven.runtime_3.9.900.20250220-2013\jars\maven-repository-metadata-3.9.9.jar
2025-06-23 20:38:06,881 [Worker-10: Launching mavenrun-798c9319-015f-4e36-bd7d-bf33d29962df] INFO  o.eclipse.m2e.core.internal.Bundles - 	Entry: C:\sts-4.31.0\plugins\org.eclipse.m2e.maven.runtime_3.9.900.20250220-2013\jars\maven-resolver-api-1.9.22.jar
2025-06-23 20:38:06,881 [Worker-10: Launching mavenrun-798c9319-015f-4e36-bd7d-bf33d29962df] INFO  o.eclipse.m2e.core.internal.Bundles - 	Entry: C:\sts-4.31.0\plugins\org.eclipse.m2e.maven.runtime_3.9.900.20250220-2013\jars\maven-resolver-connector-basic-1.9.22.jar
2025-06-23 20:38:06,881 [Worker-10: Launching mavenrun-798c9319-015f-4e36-bd7d-bf33d29962df] INFO  o.eclipse.m2e.core.internal.Bundles - 	Entry: C:\sts-4.31.0\plugins\org.eclipse.m2e.maven.runtime_3.9.900.20250220-2013\jars\maven-resolver-impl-1.9.22.jar
2025-06-23 20:38:06,881 [Worker-10: Launching mavenrun-798c9319-015f-4e36-bd7d-bf33d29962df] INFO  o.eclipse.m2e.core.internal.Bundles - 	Entry: C:\sts-4.31.0\plugins\org.eclipse.m2e.maven.runtime_3.9.900.20250220-2013\jars\maven-resolver-named-locks-1.9.22.jar
2025-06-23 20:38:06,881 [Worker-10: Launching mavenrun-798c9319-015f-4e36-bd7d-bf33d29962df] INFO  o.eclipse.m2e.core.internal.Bundles - 	Entry: C:\sts-4.31.0\plugins\org.eclipse.m2e.maven.runtime_3.9.900.20250220-2013\jars\maven-resolver-provider-3.9.9.jar
2025-06-23 20:38:06,881 [Worker-10: Launching mavenrun-798c9319-015f-4e36-bd7d-bf33d29962df] INFO  o.eclipse.m2e.core.internal.Bundles - 	Entry: C:\sts-4.31.0\plugins\org.eclipse.m2e.maven.runtime_3.9.900.20250220-2013\jars\maven-resolver-spi-1.9.22.jar
2025-06-23 20:38:06,883 [Worker-10: Launching mavenrun-798c9319-015f-4e36-bd7d-bf33d29962df] INFO  o.eclipse.m2e.core.internal.Bundles - 	Entry: C:\sts-4.31.0\plugins\org.eclipse.m2e.maven.runtime_3.9.900.20250220-2013\jars\maven-resolver-transport-file-1.9.22.jar
2025-06-23 20:38:06,883 [Worker-10: Launching mavenrun-798c9319-015f-4e36-bd7d-bf33d29962df] INFO  o.eclipse.m2e.core.internal.Bundles - 	Entry: C:\sts-4.31.0\plugins\org.eclipse.m2e.maven.runtime_3.9.900.20250220-2013\jars\maven-resolver-transport-http-1.9.22.jar
2025-06-23 20:38:06,883 [Worker-10: Launching mavenrun-798c9319-015f-4e36-bd7d-bf33d29962df] INFO  o.eclipse.m2e.core.internal.Bundles - 	Entry: C:\sts-4.31.0\plugins\org.eclipse.m2e.maven.runtime_3.9.900.20250220-2013\jars\maven-resolver-transport-wagon-1.9.22.jar
2025-06-23 20:38:06,883 [Worker-10: Launching mavenrun-798c9319-015f-4e36-bd7d-bf33d29962df] INFO  o.eclipse.m2e.core.internal.Bundles - 	Entry: C:\sts-4.31.0\plugins\org.eclipse.m2e.maven.runtime_3.9.900.20250220-2013\jars\maven-resolver-util-1.9.22.jar
2025-06-23 20:38:06,883 [Worker-10: Launching mavenrun-798c9319-015f-4e36-bd7d-bf33d29962df] INFO  o.eclipse.m2e.core.internal.Bundles - 	Entry: C:\sts-4.31.0\plugins\org.eclipse.m2e.maven.runtime_3.9.900.20250220-2013\jars\maven-settings-3.9.9.jar
2025-06-23 20:38:06,883 [Worker-10: Launching mavenrun-798c9319-015f-4e36-bd7d-bf33d29962df] INFO  o.eclipse.m2e.core.internal.Bundles - 	Entry: C:\sts-4.31.0\plugins\org.eclipse.m2e.maven.runtime_3.9.900.20250220-2013\jars\maven-settings-builder-3.9.9.jar
2025-06-23 20:38:06,883 [Worker-10: Launching mavenrun-798c9319-015f-4e36-bd7d-bf33d29962df] INFO  o.eclipse.m2e.core.internal.Bundles - 	Entry: C:\sts-4.31.0\plugins\org.eclipse.m2e.maven.runtime_3.9.900.20250220-2013\jars\maven-shared-utils-3.4.2.jar
2025-06-23 20:38:06,883 [Worker-10: Launching mavenrun-798c9319-015f-4e36-bd7d-bf33d29962df] INFO  o.eclipse.m2e.core.internal.Bundles - 	Entry: C:\sts-4.31.0\plugins\org.eclipse.m2e.maven.runtime_3.9.900.20250220-2013\jars\org.eclipse.sisu.inject-0.9.0.M3.jar
2025-06-23 20:38:06,883 [Worker-10: Launching mavenrun-798c9319-015f-4e36-bd7d-bf33d29962df] INFO  o.eclipse.m2e.core.internal.Bundles - 	Entry: C:\sts-4.31.0\plugins\org.eclipse.m2e.maven.runtime_3.9.900.20250220-2013\jars\org.eclipse.sisu.plexus-0.9.0.M3.jar
2025-06-23 20:38:06,883 [Worker-10: Launching mavenrun-798c9319-015f-4e36-bd7d-bf33d29962df] INFO  o.eclipse.m2e.core.internal.Bundles - 	Entry: C:\sts-4.31.0\plugins\org.eclipse.m2e.maven.runtime_3.9.900.20250220-2013\jars\plexus-build-api-0.0.7.jar
2025-06-23 20:38:06,883 [Worker-10: Launching mavenrun-798c9319-015f-4e36-bd7d-bf33d29962df] INFO  o.eclipse.m2e.core.internal.Bundles - 	Entry: C:\sts-4.31.0\plugins\org.eclipse.m2e.maven.runtime_3.9.900.20250220-2013\jars\plexus-build-api-1.2.0.jar
2025-06-23 20:38:06,883 [Worker-10: Launching mavenrun-798c9319-015f-4e36-bd7d-bf33d29962df] INFO  o.eclipse.m2e.core.internal.Bundles - 	Entry: C:\sts-4.31.0\plugins\org.eclipse.m2e.maven.runtime_3.9.900.20250220-2013\jars\plexus-cipher-2.0.jar
2025-06-23 20:38:06,883 [Worker-10: Launching mavenrun-798c9319-015f-4e36-bd7d-bf33d29962df] INFO  o.eclipse.m2e.core.internal.Bundles - 	Entry: C:\sts-4.31.0\plugins\org.eclipse.m2e.maven.runtime_3.9.900.20250220-2013\jars\plexus-classworlds-2.8.0.jar
2025-06-23 20:38:06,884 [Worker-10: Launching mavenrun-798c9319-015f-4e36-bd7d-bf33d29962df] INFO  o.eclipse.m2e.core.internal.Bundles - 	Entry: C:\sts-4.31.0\plugins\org.eclipse.m2e.maven.runtime_3.9.900.20250220-2013\jars\plexus-component-annotations-2.1.0.jar
2025-06-23 20:38:06,884 [Worker-10: Launching mavenrun-798c9319-015f-4e36-bd7d-bf33d29962df] INFO  o.eclipse.m2e.core.internal.Bundles - 	Entry: C:\sts-4.31.0\plugins\org.eclipse.m2e.maven.runtime_3.9.900.20250220-2013\jars\plexus-interpolation-1.27.jar
2025-06-23 20:38:06,884 [Worker-10: Launching mavenrun-798c9319-015f-4e36-bd7d-bf33d29962df] INFO  o.eclipse.m2e.core.internal.Bundles - 	Entry: C:\sts-4.31.0\plugins\org.eclipse.m2e.maven.runtime_3.9.900.20250220-2013\jars\plexus-sec-dispatcher-2.0.jar
2025-06-23 20:38:06,884 [Worker-10: Launching mavenrun-798c9319-015f-4e36-bd7d-bf33d29962df] INFO  o.eclipse.m2e.core.internal.Bundles - 	Entry: C:\sts-4.31.0\plugins\org.eclipse.m2e.maven.runtime_3.9.900.20250220-2013\jars\plexus-utils-3.5.1.jar
2025-06-23 20:38:06,884 [Worker-10: Launching mavenrun-798c9319-015f-4e36-bd7d-bf33d29962df] INFO  o.eclipse.m2e.core.internal.Bundles - 	Entry: C:\sts-4.31.0\plugins\org.eclipse.m2e.maven.runtime_3.9.900.20250220-2013\jars\plexus-xml-3.0.1.jar
2025-06-23 20:38:06,884 [Worker-10: Launching mavenrun-798c9319-015f-4e36-bd7d-bf33d29962df] INFO  o.eclipse.m2e.core.internal.Bundles - 	Entry: C:\sts-4.31.0\plugins\org.eclipse.m2e.maven.runtime_3.9.900.20250220-2013\jars\wagon-file-3.5.3.jar
2025-06-23 20:38:06,884 [Worker-10: Launching mavenrun-798c9319-015f-4e36-bd7d-bf33d29962df] INFO  o.eclipse.m2e.core.internal.Bundles - 	Entry: C:\sts-4.31.0\plugins\org.eclipse.m2e.maven.runtime_3.9.900.20250220-2013\jars\wagon-http-3.5.3.jar
2025-06-23 20:38:06,884 [Worker-10: Launching mavenrun-798c9319-015f-4e36-bd7d-bf33d29962df] INFO  o.eclipse.m2e.core.internal.Bundles - 	Entry: C:\sts-4.31.0\plugins\org.eclipse.m2e.maven.runtime_3.9.900.20250220-2013\jars\wagon-http-shared-3.5.3.jar
2025-06-23 20:38:06,884 [Worker-10: Launching mavenrun-798c9319-015f-4e36-bd7d-bf33d29962df] INFO  o.eclipse.m2e.core.internal.Bundles - 	Entry: C:\sts-4.31.0\plugins\org.eclipse.m2e.maven.runtime_3.9.900.20250220-2013\jars\wagon-provider-api-3.5.3.jar
2025-06-23 20:38:06,885 [Worker-10: Launching mavenrun-798c9319-015f-4e36-bd7d-bf33d29962df] INFO  o.eclipse.m2e.core.internal.Bundles - getClasspathEntries(Bundle=com.google.guava_33.4.8.jre [31])
2025-06-23 20:38:06,885 [Worker-10: Launching mavenrun-798c9319-015f-4e36-bd7d-bf33d29962df] INFO  o.eclipse.m2e.core.internal.Bundles - 	Entry: C:\sts-4.31.0\plugins\com.google.guava_33.4.8.jre.jar
2025-06-23 20:38:06,886 [Worker-10: Launching mavenrun-798c9319-015f-4e36-bd7d-bf33d29962df] INFO  o.eclipse.m2e.core.internal.Bundles - getClasspathEntries(Bundle=slf4j.api_2.0.17 [613])
2025-06-23 20:38:06,886 [Worker-10: Launching mavenrun-798c9319-015f-4e36-bd7d-bf33d29962df] INFO  o.eclipse.m2e.core.internal.Bundles - 	Entry: C:\sts-4.31.0\plugins\slf4j.api_2.0.17.jar
2025-06-23 20:38:06,886 [Worker-10: Launching mavenrun-798c9319-015f-4e36-bd7d-bf33d29962df] INFO  o.eclipse.m2e.core.internal.Bundles - getClasspathEntries(Bundle=jakarta.inject.jakarta.inject-api_1.0.5 [46])
2025-06-23 20:38:06,886 [Worker-10: Launching mavenrun-798c9319-015f-4e36-bd7d-bf33d29962df] INFO  o.eclipse.m2e.core.internal.Bundles - 	Entry: C:\sts-4.31.0\plugins\jakarta.inject.jakarta.inject-api_1.0.5.jar
2025-06-23 20:38:06,886 [Worker-10: Launching mavenrun-798c9319-015f-4e36-bd7d-bf33d29962df] INFO  o.eclipse.m2e.core.internal.Bundles - getClasspathEntries(Bundle=javax.annotation_1.3.5.v20200909-1856 [55])
2025-06-23 20:38:06,886 [Worker-10: Launching mavenrun-798c9319-015f-4e36-bd7d-bf33d29962df] INFO  o.eclipse.m2e.core.internal.Bundles - 	Entry: C:\sts-4.31.0\plugins\javax.annotation_1.3.5.v20200909-1856.jar
2025-06-23 20:38:06,886 [Worker-10: Launching mavenrun-798c9319-015f-4e36-bd7d-bf33d29962df] INFO  o.eclipse.m2e.core.internal.Bundles - getClasspathEntries(Bundle=org.apache.commons.cli_1.9.0 [79])
2025-06-23 20:38:06,886 [Worker-10: Launching mavenrun-798c9319-015f-4e36-bd7d-bf33d29962df] INFO  o.eclipse.m2e.core.internal.Bundles - 	Entry: C:\sts-4.31.0\plugins\org.apache.commons.cli_1.9.0.jar
2025-06-23 20:38:06,886 [Worker-10: Launching mavenrun-798c9319-015f-4e36-bd7d-bf33d29962df] INFO  o.eclipse.m2e.core.internal.Bundles - getClasspathEntries(Bundle=org.apache.commons.commons-codec_1.16.0 [81])
2025-06-23 20:38:06,888 [Worker-10: Launching mavenrun-798c9319-015f-4e36-bd7d-bf33d29962df] INFO  o.eclipse.m2e.core.internal.Bundles - 	Entry: C:\sts-4.31.0\plugins\org.apache.commons.commons-codec_1.16.0.jar
2025-06-23 20:38:06,888 [Worker-10: Launching mavenrun-798c9319-015f-4e36-bd7d-bf33d29962df] INFO  o.eclipse.m2e.core.internal.Bundles - getClasspathEntries(Bundle=com.google.guava.failureaccess_1.0.3 [32])
2025-06-23 20:38:06,889 [Worker-10: Launching mavenrun-798c9319-015f-4e36-bd7d-bf33d29962df] INFO  o.eclipse.m2e.core.internal.Bundles - 	Entry: C:\sts-4.31.0\plugins\com.google.guava.failureaccess_1.0.3.jar
2025-06-23 20:38:06,897 [Worker-10: Launching mavenrun-798c9319-015f-4e36-bd7d-bf33d29962df] INFO  o.e.m.i.launch.MavenLaunchDelegate - Run build in "C:\Users\saiki\AppData\Local\Temp\m2e-archetypeGenerator16470130831395456870":
2025-06-23 20:38:06,902 [Worker-10: Launching mavenrun-798c9319-015f-4e36-bd7d-bf33d29962df] INFO  o.e.m.i.launch.MavenLaunchDelegate -  mvn  -DjavaCompilerVersion=17 -DjunitVersion=5.11.0 -DarchetypeGroupId=org.apache.maven.archetypes -DarchetypeArtifactId=maven-archetype-quickstart -DarchetypeVersion=1.5 -DgroupId=com.telusko -DartifactId=demoproj -Dversion=0.0.1-SNAPSHOT -Dpackage=com.telusko.demoproj -DoutputDirectory=C:\Users\saiki\Documents\springcourse -Dstyle.color=always -U archetype:generate
2025-06-23 20:38:47,978 [Worker-9: Creating maven-archetype-quickstart] INFO  o.e.m.c.i.p.ProjectConfigurationManager - Collecting project info '/pom.xml' C:\Users\saiki\Documents\springcourse\demoproj\pom.xml
2025-06-23 20:38:48,409 [Worker-9: Creating maven-archetype-quickstart] INFO  o.e.m.c.i.e.AbstractTransferListenerAdapter - Downloading https://repo.maven.apache.org/maven2/org/apache/maven/plugins/maven-clean-plugin/3.4.0/maven-clean-plugin-3.4.0.jar
2025-06-23 20:38:48,424 [Worker-9: Creating maven-archetype-quickstart] INFO  o.e.m.c.i.e.AbstractTransferListenerAdapter - Downloaded https://repo.maven.apache.org/maven2/org/apache/maven/plugins/maven-clean-plugin/3.4.0/maven-clean-plugin-3.4.0.jar
2025-06-23 20:38:48,465 [Worker-9: Creating maven-archetype-quickstart] INFO  o.e.m.c.i.e.AbstractTransferListenerAdapter - Downloading https://repo.maven.apache.org/maven2/org/apache/maven/plugins/maven-surefire-plugin/3.3.0/maven-surefire-plugin-3.3.0.jar
2025-06-23 20:38:48,478 [Worker-9: Creating maven-archetype-quickstart] INFO  o.e.m.c.i.e.AbstractTransferListenerAdapter - Downloaded https://repo.maven.apache.org/maven2/org/apache/maven/plugins/maven-surefire-plugin/3.3.0/maven-surefire-plugin-3.3.0.jar
2025-06-23 20:38:48,757 [Worker-9: Creating maven-archetype-quickstart] INFO  o.e.m.c.i.l.LifecycleMappingFactory - Using org.eclipse.m2e.jdt.JarLifecycleMapping lifecycle mapping for MavenProject: com.telusko:demoproj:0.0.1-SNAPSHOT @ C:\Users\saiki\Documents\springcourse\demoproj\pom.xml.
2025-06-23 20:38:48,817 [Worker-9: Creating maven-archetype-quickstart] INFO  o.e.m.c.i.e.AbstractTransferListenerAdapter - Downloading https://repo.maven.apache.org/maven2/org/junit/jupiter/junit-jupiter-api/5.11.0/junit-jupiter-api-5.11.0.pom
2025-06-23 20:38:48,821 [Worker-9: Creating maven-archetype-quickstart] INFO  o.e.m.c.i.e.AbstractTransferListenerAdapter - Downloaded https://repo.maven.apache.org/maven2/org/junit/jupiter/junit-jupiter-api/5.11.0/junit-jupiter-api-5.11.0.pom
2025-06-23 20:38:48,875 [Worker-9: Creating maven-archetype-quickstart] INFO  o.e.m.c.i.e.AbstractTransferListenerAdapter - Downloading https://repo.maven.apache.org/maven2/org/junit/platform/junit-platform-commons/1.11.0/junit-platform-commons-1.11.0.pom
2025-06-23 20:38:48,879 [Worker-9: Creating maven-archetype-quickstart] INFO  o.e.m.c.i.e.AbstractTransferListenerAdapter - Downloaded https://repo.maven.apache.org/maven2/org/junit/platform/junit-platform-commons/1.11.0/junit-platform-commons-1.11.0.pom
2025-06-23 20:38:48,937 [Worker-9: Creating maven-archetype-quickstart] INFO  o.e.m.c.i.e.AbstractTransferListenerAdapter - Downloading https://repo.maven.apache.org/maven2/org/junit/jupiter/junit-jupiter-params/5.11.0/junit-jupiter-params-5.11.0.pom
2025-06-23 20:38:48,941 [Worker-9: Creating maven-archetype-quickstart] INFO  o.e.m.c.i.e.AbstractTransferListenerAdapter - Downloaded https://repo.maven.apache.org/maven2/org/junit/jupiter/junit-jupiter-params/5.11.0/junit-jupiter-params-5.11.0.pom
2025-06-23 20:38:48,995 [Worker-9: Creating maven-archetype-quickstart] INFO  o.e.m.c.i.e.AbstractTransferListenerAdapter - Downloading https://repo.maven.apache.org/maven2/org/junit/jupiter/junit-jupiter-api/5.11.0/junit-jupiter-api-5.11.0.jar
2025-06-23 20:38:49,082 [Worker-9: Creating maven-archetype-quickstart] INFO  o.e.m.c.i.e.AbstractTransferListenerAdapter - Downloaded https://repo.maven.apache.org/maven2/org/junit/jupiter/junit-jupiter-api/5.11.0/junit-jupiter-api-5.11.0.jar
2025-06-23 20:38:49,112 [BasicRepositoryConnector-repo.maven.apache.org-0-1] INFO  o.e.m.c.i.e.AbstractTransferListenerAdapter - Downloading https://repo.maven.apache.org/maven2/org/junit/jupiter/junit-jupiter-params/5.11.0/junit-jupiter-params-5.11.0.jar
2025-06-23 20:38:49,177 [BasicRepositoryConnector-repo.maven.apache.org-0-0] INFO  o.e.m.c.i.e.AbstractTransferListenerAdapter - Downloading https://repo.maven.apache.org/maven2/org/junit/platform/junit-platform-commons/1.11.0/junit-platform-commons-1.11.0.jar
2025-06-23 20:38:49,259 [BasicRepositoryConnector-repo.maven.apache.org-0-1] INFO  o.e.m.c.i.e.AbstractTransferListenerAdapter - Downloaded https://repo.maven.apache.org/maven2/org/junit/jupiter/junit-jupiter-params/5.11.0/junit-jupiter-params-5.11.0.jar
2025-06-23 20:38:49,261 [BasicRepositoryConnector-repo.maven.apache.org-0-0] INFO  o.e.m.c.i.e.AbstractTransferListenerAdapter - Downloaded https://repo.maven.apache.org/maven2/org/junit/platform/junit-platform-commons/1.11.0/junit-platform-commons-1.11.0.jar
2025-06-23 20:38:49,373 [Worker-9: Creating maven-archetype-quickstart] INFO  o.e.m.c.i.e.AbstractTransferListenerAdapter - Downloading https://repo.maven.apache.org/maven2/org/apache/maven/plugins/maven-surefire-plugin/3.3.0/maven-surefire-plugin-3.3.0.pom
2025-06-23 20:38:49,376 [Worker-9: Creating maven-archetype-quickstart] INFO  o.e.m.c.i.e.AbstractTransferListenerAdapter - Downloaded https://repo.maven.apache.org/maven2/org/apache/maven/plugins/maven-surefire-plugin/3.3.0/maven-surefire-plugin-3.3.0.pom
2025-06-23 20:38:49,403 [Worker-9: Creating maven-archetype-quickstart] INFO  o.e.m.c.i.e.AbstractTransferListenerAdapter - Downloading https://repo.maven.apache.org/maven2/org/apache/maven/surefire/surefire/3.3.0/surefire-3.3.0.pom
2025-06-23 20:38:49,412 [Worker-9: Creating maven-archetype-quickstart] INFO  o.e.m.c.i.e.AbstractTransferListenerAdapter - Downloaded https://repo.maven.apache.org/maven2/org/apache/maven/surefire/surefire/3.3.0/surefire-3.3.0.pom
2025-06-23 20:38:49,457 [Worker-9: Creating maven-archetype-quickstart] INFO  o.e.m.c.i.e.AbstractTransferListenerAdapter - Downloading https://repo.maven.apache.org/maven2/org/apache/maven/plugins/maven-jar-plugin/3.4.2/maven-jar-plugin-3.4.2.pom
2025-06-23 20:38:49,462 [Worker-9: Creating maven-archetype-quickstart] INFO  o.e.m.c.i.e.AbstractTransferListenerAdapter - Downloaded https://repo.maven.apache.org/maven2/org/apache/maven/plugins/maven-jar-plugin/3.4.2/maven-jar-plugin-3.4.2.pom
2025-06-23 20:38:49,922 [Worker-9: Creating maven-archetype-quickstart] INFO  o.e.m.j.i.AbstractJavaProjectConfigurator - Adding source folder /demoproj/src/main/java
2025-06-23 20:38:49,925 [Worker-9: Creating maven-archetype-quickstart] INFO  o.e.m.j.i.AbstractJavaProjectConfigurator - Adding resource folder /demoproj/src/main/resources
2025-06-23 20:38:49,928 [Worker-9: Creating maven-archetype-quickstart] INFO  o.e.m.j.i.AbstractJavaProjectConfigurator - Adding source folder /demoproj/src/test/java
2025-06-23 20:38:49,929 [Worker-9: Creating maven-archetype-quickstart] INFO  o.e.m.j.i.AbstractJavaProjectConfigurator - Adding resource folder /demoproj/src/test/resources
2025-06-23 20:38:50,355 [Worker-9: Creating maven-archetype-quickstart] INFO  o.e.m.c.i.p.ProjectConfigurationManager - Imported and configured 1 project(s) in 2 sec
2025-06-23 20:38:50,926 [Worker-4: Download sources and javadoc] INFO  o.e.m.c.i.e.AbstractTransferListenerAdapter - Downloading https://repo.maven.apache.org/maven2/org/junit/jupiter/junit-jupiter-api/5.11.0/junit-jupiter-api-5.11.0-sources.jar
2025-06-23 20:38:51,026 [Worker-4: Download sources and javadoc] INFO  o.e.m.c.i.e.AbstractTransferListenerAdapter - Downloaded https://repo.maven.apache.org/maven2/org/junit/jupiter/junit-jupiter-api/5.11.0/junit-jupiter-api-5.11.0-sources.jar
2025-06-23 20:38:51,031 [Worker-4: Download sources and javadoc] INFO  o.e.m.j.internal.DownloadSourcesJob - Downloaded sources for org.junit.jupiter:junit-jupiter-api:5.11.0
2025-06-23 20:38:51,130 [Worker-4: Download sources and javadoc] INFO  o.e.m.c.i.e.AbstractTransferListenerAdapter - Downloading https://repo.maven.apache.org/maven2/org/junit/platform/junit-platform-commons/1.11.0/junit-platform-commons-1.11.0-sources.jar
2025-06-23 20:38:51,148 [Worker-13: Building] INFO  o.a.m.s.f.DefaultMavenResourcesFiltering - skip non existing resourceDirectory C:\Users\saiki\Documents\springcourse\demoproj\src\main\resources
2025-06-23 20:38:51,154 [Worker-13: Building] INFO  o.a.m.s.f.DefaultMavenResourcesFiltering - skip non existing resourceDirectory C:\Users\saiki\Documents\springcourse\demoproj\src\test\resources
2025-06-23 20:38:51,164 [Worker-4: Download sources and javadoc] INFO  o.e.m.c.i.e.AbstractTransferListenerAdapter - Downloaded https://repo.maven.apache.org/maven2/org/junit/platform/junit-platform-commons/1.11.0/junit-platform-commons-1.11.0-sources.jar
2025-06-23 20:38:51,171 [Worker-4: Download sources and javadoc] INFO  o.e.m.j.internal.DownloadSourcesJob - Downloaded sources for org.junit.platform:junit-platform-commons:1.11.0
2025-06-23 20:38:51,277 [Worker-4: Download sources and javadoc] INFO  o.e.m.c.i.e.AbstractTransferListenerAdapter - Downloading https://repo.maven.apache.org/maven2/org/junit/jupiter/junit-jupiter-params/5.11.0/junit-jupiter-params-5.11.0-sources.jar
2025-06-23 20:38:51,328 [Worker-4: Download sources and javadoc] INFO  o.e.m.c.i.e.AbstractTransferListenerAdapter - Downloaded https://repo.maven.apache.org/maven2/org/junit/jupiter/junit-jupiter-params/5.11.0/junit-jupiter-params-5.11.0-sources.jar
2025-06-23 20:38:51,332 [Worker-4: Download sources and javadoc] INFO  o.e.m.j.internal.DownloadSourcesJob - Downloaded sources for org.junit.jupiter:junit-jupiter-params:5.11.0
2025-06-23 20:43:43,142 [Worker-4: Building] INFO  o.e.m.c.i.l.LifecycleMappingFactory - Using org.eclipse.m2e.jdt.JarLifecycleMapping lifecycle mapping for MavenProject: com.telusko:demoproj:0.0.1-SNAPSHOT @ C:\Users\saiki\Documents\springcourse\demoproj\pom.xml.
2025-06-23 20:43:43,331 [Worker-4: Building] INFO  o.a.m.s.f.DefaultMavenResourcesFiltering - skip non existing resourceDirectory C:\Users\saiki\Documents\springcourse\demoproj\src\main\resources
2025-06-23 20:43:43,334 [Worker-4: Building] INFO  o.a.m.s.f.DefaultMavenResourcesFiltering - skip non existing resourceDirectory C:\Users\saiki\Documents\springcourse\demoproj\src\test\resources
2025-06-23 20:44:46,597 [Worker-12: Building] INFO  o.e.m.c.i.l.LifecycleMappingFactory - Using org.eclipse.m2e.jdt.JarLifecycleMapping lifecycle mapping for MavenProject: com.telusko:demoproj:0.0.1-SNAPSHOT @ C:\Users\saiki\Documents\springcourse\demoproj\pom.xml.
2025-06-23 20:44:46,744 [Worker-12: Building] INFO  o.a.m.s.f.DefaultMavenResourcesFiltering - skip non existing resourceDirectory C:\Users\saiki\Documents\springcourse\demoproj\src\main\resources
2025-06-23 20:44:46,747 [Worker-12: Building] INFO  o.a.m.s.f.DefaultMavenResourcesFiltering - skip non existing resourceDirectory C:\Users\saiki\Documents\springcourse\demoproj\src\test\resources
2025-06-23 20:48:16,934 [Worker-16: Building] INFO  o.e.m.c.i.l.LifecycleMappingFactory - Using org.eclipse.m2e.jdt.JarLifecycleMapping lifecycle mapping for MavenProject: com.telusko:demoproj:0.0.1-SNAPSHOT @ C:\Users\saiki\Documents\springcourse\demoproj\pom.xml.
2025-06-23 20:48:17,062 [Worker-16: Building] INFO  o.a.m.s.f.DefaultMavenResourcesFiltering - skip non existing resourceDirectory C:\Users\saiki\Documents\springcourse\demoproj\src\main\resources
2025-06-23 20:48:17,066 [Worker-16: Building] INFO  o.a.m.s.f.DefaultMavenResourcesFiltering - skip non existing resourceDirectory C:\Users\saiki\Documents\springcourse\demoproj\src\test\resources
